<?xml version="1.0" encoding="utf-8"?><testsuites><testsuite errors="0" failures="1" hostname="Alexs-MacBook-Pro.local" name="pytest" skipped="0" tests="3" time="25.351" timestamp="2020-08-24T10:44:33.304837"><testcase classname="pd_parser.tests.test_parse_pd" file="pd_parser/tests/test_parse_pd.py" line="62" name="test_internal_functions" time="0.074"><failure message="AssertionError: 
Arrays are not equal

Mismatched elements: 84876 / 84876 (100%)
Max absolute difference: 7.67860575e-06
Max relative difference: 5.93576298e-08
 x: array([[ 0.96583 , -0.482747, -0.728293, ...,  0.449737,  0.435324,
         0.41063 ]])
 y: array([[ 0.96583 , -0.482747, -0.728293, ...,  0.449737,  0.435324,
         0.41063 ]])">def test_internal_functions():
        out_dir = _TempDir()
        # test tsv
        df = dict(test=[1, 2], test2=[2, 1])
        _to_tsv(op.join(out_dir, &apos;test.tsv&apos;), df)
        assert df == _read_tsv(op.join(out_dir, &apos;test.tsv&apos;))
        with pytest.raises(ValueError, match=&apos;Unable to read&apos;):
            _read_tsv(&apos;test.foo&apos;)
        with pytest.raises(ValueError, match=&apos;Error in reading tsv&apos;):
            with open(op.join(out_dir, &apos;test.tsv&apos;), &apos;w&apos;) as _:
                pass
            _read_tsv(op.join(out_dir, &apos;test.tsv&apos;))
        with pytest.raises(ValueError, match=&apos;contains no data&apos;):
            with open(op.join(out_dir, &apos;test.tsv&apos;), &apos;w&apos;) as f:
                f.write(&apos;test&apos;)
            _read_tsv(op.join(out_dir, &apos;test.tsv&apos;))
        with pytest.raises(ValueError, match=&apos;different lengths&apos;):
            with open(op.join(out_dir, &apos;test.tsv&apos;), &apos;w&apos;) as f:
                f.write(&apos;test\ttest2\n1\t1\n1&apos;)
            _read_tsv(op.join(out_dir, &apos;test.tsv&apos;))
        with pytest.raises(ValueError, match=&apos;Empty data file, no keys&apos;):
            _to_tsv(op.join(out_dir, &apos;test.tsv&apos;), dict())
        with pytest.raises(ValueError, match=&apos;Unable to write&apos;):
            _to_tsv(&apos;foo.bar&apos;, dict(test=1))
        # test read
        raw, events = pd_parser.simulate_pd_data()
        raw.save(op.join(out_dir, &apos;test-raw.fif&apos;), overwrite=True)
        with pytest.raises(ValueError, match=&apos;not recognized&apos;):
            _read_raw(&apos;foo.bar&apos;)
        raw2 = _read_raw(op.join(out_dir, &apos;test-raw.fif&apos;))
&gt;       np.testing.assert_array_equal(raw._data, raw2._data)
E       AssertionError: 
E       Arrays are not equal
E       
E       Mismatched elements: 84876 / 84876 (100%)
E       Max absolute difference: 7.67860575e-06
E       Max relative difference: 5.93576298e-08
E        x: array([[ 0.96583 , -0.482747, -0.728293, ...,  0.449737,  0.435324,
E                0.41063 ]])
E        y: array([[ 0.96583 , -0.482747, -0.728293, ...,  0.449737,  0.435324,
E                0.41063 ]])

_          = &lt;_io.TextIOWrapper name=&apos;/var/folders/s4/y1vlkn8d70jfw7s8s03m9p540000gn/T/tmp_mne_tempdir_12fl50p2/test.tsv&apos; mode=&apos;w&apos; encoding=&apos;UTF-8&apos;&gt;
df         = {&apos;test&apos;: [1, 2], &apos;test2&apos;: [2, 1]}
events     = array([[12270,     0,     1],
       [18299,     0,     1],
       [24994,     0,     1],
       [32081,     0,     1]...      [45439,     0,     1],
       [51458,     0,     1],
       [58189,     0,     1],
       [72878,     0,     1]])
f          = &lt;_io.TextIOWrapper name=&apos;/var/folders/s4/y1vlkn8d70jfw7s8s03m9p540000gn/T/tmp_mne_tempdir_12fl50p2/test.tsv&apos; mode=&apos;w&apos; encoding=&apos;UTF-8&apos;&gt;
out_dir    = &apos;/var/folders/s4/y1vlkn8d70jfw7s8s03m9p540000gn/T/tmp_mne_tempdir_12fl50p2&apos;
raw        = &lt;RawArray | 1 x 84876 (84.9 s), ~670 kB, data loaded&gt;
raw2       = &lt;Raw | test-raw.fif, 1 x 84876 (84.9 s), ~671 kB, data loaded&gt;

pd_parser/tests/test_parse_pd.py:93: AssertionError</failure></testcase><testcase classname="pd_parser.tests.test_parse_pd" file="pd_parser/tests/test_parse_pd.py" line="121" name="test_simulated" time="0.047"></testcase><testcase classname="pd_parser.tests.test_parse_pd" file="pd_parser/tests/test_parse_pd.py" line="125" name="test_parse_pd" time="23.192"></testcase></testsuite></testsuites>